#
# There is insufficient memory for the Java Runtime Environment to continue.
# Native memory allocation (mmap) failed to map 257949696 bytes for G1 virtual space
# Possible reasons:
#   The system is out of physical RAM or swap space
#   The process is running with CompressedOops enabled, and the Java Heap may be blocking the growth of the native heap
# Possible solutions:
#   Reduce memory load on the system
#   Increase physical memory or swap space
#   Check if swap backing store is full
#   Decrease Java heap size (-Xmx/-Xms)
#   Decrease number of Java threads
#   Decrease Java thread stack sizes (-Xss)
#   Set larger code cache with -XX:ReservedCodeCacheSize=
#   JVM is running with Zero Based Compressed Oops mode in which the Java heap is
#     placed in the first 32GB address space. The Java Heap base address is the
#     maximum limit for the native heap growth. Please use -XX:HeapBaseMinAddress
#     to set the Java Heap base and to place the Java Heap above 32GB virtual address.
# This output file may be truncated or incomplete.
#
#  Out of Memory Error (os_windows.cpp:3600), pid=21936, tid=1056
#
# JRE version:  (21.0.2+13) (build )
# Java VM: OpenJDK 64-Bit Server VM (21.0.2+13-58, mixed mode, sharing, tiered, compressed oops, compressed class ptrs, g1 gc, windows-amd64)
# No core dump will be written. Minidumps are not enabled by default on client versions of Windows
#

---------------  S U M M A R Y ------------

Command Line: -Dfile.encoding=UTF-8 -Duser.country=DE -Duser.language=de -Duser.variant org.example.Main

Host: AMD Ryzen 7 5700U with Radeon Graphics         , 16 cores, 15G,  Windows 11 , 64 bit Build 22621 (10.0.22621.3958)
Time: Thu Oct 24 08:34:03 2024 Mitteleuropäische Sommerzeit elapsed time: 0.010658 seconds (0d 0h 0m 0s)

---------------  T H R E A D  ---------------

Current thread (0x00000225a8bed7b0):  JavaThread "Unknown thread" [_thread_in_vm, id=1056, stack(0x0000003ca1300000,0x0000003ca1400000) (1024K)]

Stack: [0x0000003ca1300000,0x0000003ca1400000]
Native frames: (J=compiled Java code, j=interpreted, Vv=VM code, C=native code)
V  [jvm.dll+0x6cade9]
V  [jvm.dll+0x8569c1]
V  [jvm.dll+0x858d2e]
V  [jvm.dll+0x859413]
V  [jvm.dll+0x280e56]
V  [jvm.dll+0x6c74d5]
V  [jvm.dll+0x6bbeca]
V  [jvm.dll+0x355bca]
V  [jvm.dll+0x35d816]
V  [jvm.dll+0x3ae67e]
V  [jvm.dll+0x3ae928]
V  [jvm.dll+0x3295dc]
V  [jvm.dll+0x32a16b]
V  [jvm.dll+0x81efa9]
V  [jvm.dll+0x3bba01]
V  [jvm.dll+0x807928]
V  [jvm.dll+0x44f50e]
V  [jvm.dll+0x450e11]
C  [jli.dll+0x52a3]
C  [ucrtbase.dll+0x29333]
C  [KERNEL32.DLL+0x1257d]
C  [ntdll.dll+0x5af08]


---------------  P R O C E S S  ---------------

Threads class SMR info:
_java_thread_list=0x00007ff9dc83bb88, length=0, elements={
}

Java Threads: ( => current thread )
Total: 0

Other Threads:
  0x00000225aadba570 WorkerThread "GC Thread#0"                     [id=22940, stack(0x0000003ca1400000,0x0000003ca1500000) (1024K)]
  0x00000225aadcb320 ConcurrentGCThread "G1 Main Marker"            [id=22804, stack(0x0000003ca1500000,0x0000003ca1600000) (1024K)]
  0x00000225aadcbfd0 WorkerThread "G1 Conc#0"                       [id=23252, stack(0x0000003ca1600000,0x0000003ca1700000) (1024K)]

[error occurred during error reporting (printing all threads), id 0xc0000005, EXCEPTION_ACCESS_VIOLATION (0xc0000005) at pc=0x00007ff9dbfac6a7]
VM state: not at safepoint (not fully initialized)

VM Mutex/Monitor currently owned by a thread:  ([mutex/lock_event])
[0x00007ff9dc8ace68] Heap_lock - owner thread: 0x00000225a8bed7b0

Heap address: 0x000000070a400000, size: 3932 MB, Compressed Oops mode: Zero based, Oop shift amount: 3

CDS archive(s) mapped at: [0x0000000000000000-0x0000000000000000-0x0000000000000000), size 0, SharedBaseAddress: 0x0000000800000000, ArchiveRelocationMode: 1.
Narrow klass base: 0x0000000000000000, Narrow klass shift: 0, Narrow klass range: 0x0

GC Precious Log:
 CardTable entry size: 512
 Card Set container configuration: InlinePtr #cards 4 size 8 Array Of Cards #cards 16 size 48 Howl #buckets 8 coarsen threshold 3686 Howl Bitmap #cards 512 size 80 coarsen threshold 460 Card regions per heap region 1 cards per card region 4096

Heap:
 garbage-first heap   total 0K, used 0K [0x000000070a400000, 0x0000000800000000)
  region size 2048K, 0 young (0K), 0 survivors (0K)

[error occurred during error reporting (printing heap information), id 0xc0000005, EXCEPTION_ACCESS_VIOLATION (0xc0000005) at pc=0x00007ff9dc3939f9]
GC Heap History (0 events):
No events

Dll operation events (1 events):
Event: 0.005 Loaded shared library C:\Users\ilism\.jdks\openjdk-21.0.2\bin\java.dll

Deoptimization events (0 events):
No events

Classes loaded (0 events):
No events

Classes unloaded (0 events):
No events

Classes redefined (0 events):
No events

Internal exceptions (0 events):
No events

ZGC Phase Switch (0 events):
No events

VM Operations (0 events):
No events

Events (0 events):
No events


Dynamic libraries:
0x00007ff6bd910000 - 0x00007ff6bd91e000 	C:\Users\ilism\.jdks\openjdk-21.0.2\bin\java.exe
0x00007ffa63250000 - 0x00007ffa63467000 	C:\WINDOWS\SYSTEM32\ntdll.dll
0x00007ffa617f0000 - 0x00007ffa618b4000 	C:\WINDOWS\System32\KERNEL32.DLL
0x00007ffa60790000 - 0x00007ffa60b47000 	C:\WINDOWS\System32\KERNELBASE.dll
0x00007ffa60c70000 - 0x00007ffa60d81000 	C:\WINDOWS\System32\ucrtbase.dll
0x00007ffa58770000 - 0x00007ffa5878b000 	C:\Users\ilism\.jdks\openjdk-21.0.2\bin\VCRUNTIME140.dll
0x00007ffa5a390000 - 0x00007ffa5a3a8000 	C:\Users\ilism\.jdks\openjdk-21.0.2\bin\jli.dll
0x00007ffa61d50000 - 0x00007ffa61eff000 	C:\WINDOWS\System32\USER32.dll
0x00007ffa44a20000 - 0x00007ffa44cb3000 	C:\WINDOWS\WinSxS\amd64_microsoft.windows.common-controls_6595b64144ccf1df_6.0.22621.3672_none_2713b9d173822955\COMCTL32.dll
0x00007ffa60d90000 - 0x00007ffa60db6000 	C:\WINDOWS\System32\win32u.dll
0x00007ffa62770000 - 0x00007ffa62817000 	C:\WINDOWS\System32\msvcrt.dll
0x00007ffa617c0000 - 0x00007ffa617e9000 	C:\WINDOWS\System32\GDI32.dll
0x00007ffa60e60000 - 0x00007ffa60f78000 	C:\WINDOWS\System32\gdi32full.dll
0x00007ffa60dc0000 - 0x00007ffa60e5a000 	C:\WINDOWS\System32\msvcp_win.dll
0x00007ffa61510000 - 0x00007ffa61541000 	C:\WINDOWS\System32\IMM32.DLL
0x00007ffa5ab50000 - 0x00007ffa5ab5c000 	C:\Users\ilism\.jdks\openjdk-21.0.2\bin\vcruntime140_1.dll
0x00007ffa56a30000 - 0x00007ffa56abe000 	C:\Users\ilism\.jdks\openjdk-21.0.2\bin\msvcp140.dll
0x00007ff9dbc70000 - 0x00007ff9dc987000 	C:\Users\ilism\.jdks\openjdk-21.0.2\bin\server\jvm.dll
0x00007ffa612c0000 - 0x00007ffa61372000 	C:\WINDOWS\System32\ADVAPI32.dll
0x00007ffa630e0000 - 0x00007ffa63188000 	C:\WINDOWS\System32\sechost.dll
0x00007ffa60bd0000 - 0x00007ffa60bf8000 	C:\WINDOWS\System32\bcrypt.dll
0x00007ffa61380000 - 0x00007ffa61494000 	C:\WINDOWS\System32\RPCRT4.dll
0x00007ffa61000000 - 0x00007ffa61071000 	C:\WINDOWS\System32\WS2_32.dll
0x00007ffa5fe90000 - 0x00007ffa5fedd000 	C:\WINDOWS\SYSTEM32\POWRPROF.dll
0x00007ffa5cc10000 - 0x00007ffa5cc44000 	C:\WINDOWS\SYSTEM32\WINMM.dll
0x00007ffa58c50000 - 0x00007ffa58c5a000 	C:\WINDOWS\SYSTEM32\VERSION.dll
0x00007ffa5fdc0000 - 0x00007ffa5fdd3000 	C:\WINDOWS\SYSTEM32\UMPDC.dll
0x00007ffa5f580000 - 0x00007ffa5f598000 	C:\WINDOWS\SYSTEM32\kernel.appcore.dll
0x00007ffa58760000 - 0x00007ffa5876a000 	C:\Users\ilism\.jdks\openjdk-21.0.2\bin\jimage.dll
0x00007ffa5d8f0000 - 0x00007ffa5db22000 	C:\WINDOWS\SYSTEM32\DBGHELP.DLL
0x00007ffa62820000 - 0x00007ffa62bae000 	C:\WINDOWS\System32\combase.dll
0x00007ffa611e0000 - 0x00007ffa612b7000 	C:\WINDOWS\System32\OLEAUT32.dll
0x00007ffa4a1f0000 - 0x00007ffa4a222000 	C:\WINDOWS\SYSTEM32\dbgcore.DLL
0x00007ffa60b50000 - 0x00007ffa60bcb000 	C:\WINDOWS\System32\bcryptPrimitives.dll
0x00007ffa586d0000 - 0x00007ffa586ef000 	C:\Users\ilism\.jdks\openjdk-21.0.2\bin\java.dll

dbghelp: loaded successfully - version: 4.0.5 - missing functions: none
symbol engine: initialized successfully - sym options: 0x614 - pdb path: .;C:\Users\ilism\.jdks\openjdk-21.0.2\bin;C:\WINDOWS\SYSTEM32;C:\WINDOWS\WinSxS\amd64_microsoft.windows.common-controls_6595b64144ccf1df_6.0.22621.3672_none_2713b9d173822955;C:\Users\ilism\.jdks\openjdk-21.0.2\bin\server

VM Arguments:
jvm_args: -Dfile.encoding=UTF-8 -Duser.country=DE -Duser.language=de -Duser.variant 
java_command: org.example.Main
java_class_path (initial): C:\Leistungsnachweis\Leistungsnachweis\build\classes\java\main;C:\Leistungsnachweis\Leistungsnachweis\build\resources\main;C:\Users\ilism\.gradle\caches\modules-2\files-2.1\com.fasterxml.jackson.core\jackson-core\2.12.3\deb23fe2a7f2b773e18ced2b50d4acc1df8fa366\jackson-core-2.12.3.jar;C:\Users\ilism\.gradle\caches\modules-2\files-2.1\com.fasterxml.jackson.core\jackson-annotations\2.12.3\7275513412694a1aafd08c0287f48469fa0e6e17\jackson-annotations-2.12.3.jar;C:\Users\ilism\.gradle\caches\modules-2\files-2.1\com.fasterxml.jackson.core\jackson-databind\2.12.3\d6153f8fc60c479ab0f9efb35c034526436a4953\jackson-databind-2.12.3.jar
Launcher Type: SUN_STANDARD

[Global flags]
     intx CICompilerCount                          = 12                                        {product} {ergonomic}
     uint ConcGCThreads                            = 3                                         {product} {ergonomic}
     uint G1ConcRefinementThreads                  = 13                                        {product} {ergonomic}
   size_t G1HeapRegionSize                         = 2097152                                   {product} {ergonomic}
    uintx GCDrainStackTargetSize                   = 64                                        {product} {ergonomic}
   size_t InitialHeapSize                          = 257949696                                 {product} {ergonomic}
   size_t MarkStackSize                            = 4194304                                   {product} {ergonomic}
   size_t MaxHeapSize                              = 4123000832                                {product} {ergonomic}
   size_t MinHeapDeltaBytes                        = 2097152                                   {product} {ergonomic}
   size_t MinHeapSize                              = 8388608                                   {product} {ergonomic}
    uintx NonNMethodCodeHeapSize                   = 7602480                                {pd product} {ergonomic}
    uintx NonProfiledCodeHeapSize                  = 122027880                              {pd product} {ergonomic}
    uintx ProfiledCodeHeapSize                     = 122027880                              {pd product} {ergonomic}
    uintx ReservedCodeCacheSize                    = 251658240                              {pd product} {ergonomic}
     bool SegmentedCodeCache                       = true                                      {product} {ergonomic}
   size_t SoftMaxHeapSize                          = 4123000832                             {manageable} {ergonomic}
     bool UseCompressedOops                        = true                           {product lp64_product} {ergonomic}
     bool UseG1GC                                  = true                                      {product} {ergonomic}
     bool UseLargePagesIndividualAllocation        = false                                  {pd product} {ergonomic}

Logging:
Log output configuration:
 #0: stdout all=warning uptime,level,tags foldmultilines=false
 #1: stderr all=off uptime,level,tags foldmultilines=false

Environment Variables:
PATH=C:\WINDOWS\system32;C:\WINDOWS;C:\WINDOWS\System32\Wbem;C:\WINDOWS\System32\WindowsPowerShell\v1.0\;C:\WINDOWS\System32\OpenSSH\;D:\Program Files\Git\cmd;C:\Program Files\Docker\Docker\resources\bin;C:\Program Files\PowerShell\7\;C:\Program Files\PowerShell\7-preview\preview;C:\Users\ilism\AppData\Local\Microsoft\WindowsApps;D:\Program Files\IntelliJ IDEA Community Edition 2023.3.5\bin;D:\Program Files\Microsoft VS Code\bin;C:\Users\ilism\AppData\Local\Microsoft\WinGet\Packages\Kubernetes.kubectl_Microsoft.Winget.Source_8wekyb3d8bbwe;C:\Users\ilism\AppData\Local\JetBrains\Toolbox\scripts;
USERNAME=ilism
OS=Windows_NT
PROCESSOR_IDENTIFIER=AMD64 Family 23 Model 104 Stepping 1, AuthenticAMD
TMP=C:\Users\ilism\AppData\Local\Temp
TEMP=C:\Users\ilism\AppData\Local\Temp




Periodic native trim disabled

---------------  S Y S T E M  ---------------

OS:
 Windows 11 , 64 bit Build 22621 (10.0.22621.3958)
OS uptime: 0 days 15:31 hours
Hyper-V role detected

CPU: total 16 (initial active 16) (16 cores per cpu, 2 threads per core) family 23 model 104 stepping 1 microcode 0x0, cx8, cmov, fxsr, ht, mmx, 3dnowpref, sse, sse2, sse3, ssse3, sse4a, sse4.1, sse4.2, popcnt, lzcnt, tsc, tscinvbit, avx, avx2, aes, clmul, bmi1, bmi2, adx, sha, fma, vzeroupper, clflush, clflushopt, hv, rdtscp, rdpid, f16c
Processor Information for all 16 processors :
  Max Mhz: 1801, Current Mhz: 1801, Mhz Limit: 1801

Memory: 4k page, system-wide physical 15722M (3143M free)
TotalPageFile size 17770M (AvailPageFile size 246M)
current process WorkingSet (physical memory assigned to process): 11M, peak: 11M
current process commit charge ("private bytes"): 70M, peak: 316M

vm_info: OpenJDK 64-Bit Server VM (21.0.2+13-58) for windows-amd64 JRE (21.0.2+13-58), built on 2024-01-05T18:32:24Z by "mach5one" with MS VC++ 17.1 (VS2022)

END.
